<?xml version="1.0" encoding="UTF-8" ?>
<testsuite tests="23" failures="0" name="com.runner.RunnerZTT" time="39.981" errors="0" skipped="0">
  <properties>
    <property name="java.runtime.name" value="Java(TM) SE Runtime Environment"/>
    <property name="java.vm.version" value="11.0.1+13-LTS"/>
    <property name="sun.boot.library.path" value="/Library/Java/JavaVirtualMachines/jdk-11.0.1.jdk/Contents/Home/lib"/>
    <property name="gopherProxySet" value="false"/>
    <property name="maven.multiModuleProjectDirectory" value="/Users/Varun/zonetechtest1/ZTT"/>
    <property name="java.vm.vendor" value="Oracle Corporation"/>
    <property name="java.vendor.url" value="http://java.oracle.com/"/>
    <property name="guice.disable.misplaced.annotation.check" value="true"/>
    <property name="path.separator" value=":"/>
    <property name="java.vm.name" value="Java HotSpot(TM) 64-Bit Server VM"/>
    <property name="sun.os.patch.level" value="unknown"/>
    <property name="user.country" value="GB"/>
    <property name="sun.java.launcher" value="SUN_STANDARD"/>
    <property name="java.vm.specification.name" value="Java Virtual Machine Specification"/>
    <property name="user.dir" value="/Users/Varun/zonetechtest1/ZTT"/>
    <property name="java.vm.compressedOopsMode" value="Zero based"/>
    <property name="java.runtime.version" value="11.0.1+13-LTS"/>
    <property name="java.awt.graphicsenv" value="sun.awt.CGraphicsEnvironment"/>
    <property name="os.arch" value="x86_64"/>
    <property name="java.io.tmpdir" value="/var/folders/cm/l0cx4sbx14lbgtl4hmk1r0_00000gn/T/"/>
    <property name="line.separator" value="
"/>
    <property name="socksProxyPort" value="8080"/>
    <property name="java.vm.specification.vendor" value="Oracle Corporation"/>
    <property name="os.name" value="Mac OS X"/>
    <property name="classworlds.conf" value="/Users/Varun/zonetechtest1/.metadata/.plugins/org.eclipse.m2e.launching/launches/m2conf941948246509923945.tmp"/>
    <property name="sun.jnu.encoding" value="UTF-8"/>
    <property name="java.library.path" value="/Users/Varun/Library/Java/Extensions:/Library/Java/Extensions:/Network/Library/Java/Extensions:/System/Library/Java/Extensions:/usr/lib/java:."/>
    <property name="jdk.debug" value="release"/>
    <property name="java.class.version" value="55.0"/>
    <property name="java.specification.name" value="Java Platform API Specification"/>
    <property name="sun.management.compiler" value="HotSpot 64-Bit Tiered Compilers"/>
    <property name="os.version" value="10.14.3"/>
    <property name="http.nonProxyHosts" value="local|*.local|169.254/16|*.169.254/16"/>
    <property name="user.home" value="/Users/Varun"/>
    <property name="user.timezone" value="Europe/London"/>
    <property name="java.awt.printerjob" value="sun.lwawt.macosx.CPrinterJob"/>
    <property name="file.encoding" value="UTF-8"/>
    <property name="java.specification.version" value="11"/>
    <property name="user.name" value="Varun"/>
    <property name="java.class.path" value="/Applications/Eclipse.app/Contents/Eclipse/plugins/org.eclipse.m2e.maven.runtime_1.10.0.20181127-2120/jars/plexus-classworlds-2.5.2.jar"/>
    <property name="socksProxyHost" value="localhost"/>
    <property name="java.vm.specification.version" value="11"/>
    <property name="sun.arch.data.model" value="64"/>
    <property name="sun.java.command" value="org.codehaus.plexus.classworlds.launcher.Launcher -B test"/>
    <property name="java.home" value="/Library/Java/JavaVirtualMachines/jdk-11.0.1.jdk/Contents/Home"/>
    <property name="user.language" value="en"/>
    <property name="java.specification.vendor" value="Oracle Corporation"/>
    <property name="awt.toolkit" value="sun.lwawt.macosx.LWCToolkit"/>
    <property name="java.vm.info" value="mixed mode"/>
    <property name="java.version" value="11.0.1"/>
    <property name="java.vendor" value="Oracle Corporation"/>
    <property name="maven.home" value="/Users/Varun/zonetechtest1/ZTT/EMBEDDED"/>
    <property name="file.separator" value="/"/>
    <property name="java.version.date" value="2018-10-16"/>
    <property name="java.vendor.url.bug" value="http://bugreport.java.com/bugreport/"/>
    <property name="sun.io.unicode.encoding" value="UnicodeBig"/>
    <property name="sun.cpu.endian" value="little"/>
    <property name="java.vendor.version" value="18.9"/>
    <property name="socksNonProxyHosts" value="local|*.local|169.254/16|*.169.254/16"/>
    <property name="ftp.nonProxyHosts" value="local|*.local|169.254/16|*.169.254/16"/>
    <property name="sun.cpu.isalist" value=""/>
  </properties>
  <testcase classname="| EastEnders |" name="Given I am in HomePage" time="0"/>
  <testcase classname="| EastEnders |" name="When I select the TV option under More option in header" time="0.001"/>
  <testcase classname="| EastEnders |" name="And iplayer page is opened" time="0"/>
  <testcase classname="| EastEnders |" name="And I enter \&quot;EastEnders\&quot; in search box" time="0"/>
  <testcase classname="| EastEnders |" name="And I click on first link" time="0"/>
  <testcase classname="| EastEnders |" name="And I select Programme website" time="0"/>
  <testcase classname="| EastEnders |" name="Then check the time for the next episode" time="0"/>
  <testcase classname="| EastEnders |" name="| EastEnders |" time="0.106"/>
  <testcase classname="Scenario: check the time of EastEnder next Epsoide via iPlayer icon" name="Given I am in HomePage" time="0"/>
  <testcase classname="Scenario: check the time of EastEnder next Epsoide via iPlayer icon" name="When I select the iPlayer" time="0"/>
  <testcase classname="Scenario: check the time of EastEnder next Epsoide via iPlayer icon" name="And I click on channels on iplayer page" time="0"/>
  <testcase classname="Scenario: check the time of EastEnder next Epsoide via iPlayer icon" name="And I click on one" time="0"/>
  <testcase classname="Scenario: check the time of EastEnder next Epsoide via iPlayer icon" name="And I click on Eastenders link under soaps" time="0"/>
  <testcase classname="Scenario: check the time of EastEnder next Epsoide via iPlayer icon" name="And I select Programme website" time="0"/>
  <testcase classname="Scenario: check the time of EastEnder next Epsoide via iPlayer icon" name="Then check the time for the next episode" time="0"/>
  <testcase classname="Scenario: check the time of EastEnder next Epsoide via iPlayer icon" name="Scenario: check the time of EastEnder next Epsoide via iPlayer icon" time="0.168"/>
  <testcase classname="| EastEnders |" name="Given I am in HomePage" time="0.001"/>
  <testcase classname="| EastEnders |" name="When I enter \&quot;EastEnders\&quot; into search textbox" time="0"/>
  <testcase classname="| EastEnders |" name="And search page for \&quot;EastEnders\&quot; is displayed" time="0"/>
  <testcase classname="| EastEnders |" name="And I click on first search link" time="0"/>
  <testcase classname="| EastEnders |" name="And I select Programme website" time="0.001"/>
  <testcase classname="| EastEnders |" name="Then check the time for the next episode" time="0"/>
  <testcase classname="| EastEnders |" name="| EastEnders |" time="0.124"/>
</testsuite>